{"/Users/yagneshmodh/Documents/projects/css-corp/src/configureStore.ts": {"path":"/Users/yagneshmodh/Documents/projects/css-corp/src/configureStore.ts","statementMap":{"0":{"start":{"line":8,"column":23},"end":{"line":8,"column":45}},"1":{"start":{"line":11,"column":2},"end":{"line":11,"column":65}},"2":{"start":{"line":13,"column":19},"end":{"line":13,"column":43}},"3":{"start":{"line":15,"column":14},"end":{"line":18,"column":1}},"4":{"start":{"line":20,"column":0},"end":{"line":20,"column":29}}},"fnMap":{},"branchMap":{"0":{"loc":{"start":{"line":11,"column":2},"end":{"line":11,"column":65}},"type":"binary-expr","locations":[{"start":{"line":11,"column":2},"end":{"line":11,"column":54}},{"start":{"line":11,"column":58},"end":{"line":11,"column":65}}],"line":11}},"s":{"0":1,"1":1,"2":1,"3":1,"4":1},"f":{},"b":{"0":[1,1]},"_coverageSchema":"1a1c01bbd47fc00a2c39e90264f33305004495a9","hash":"a79878f297760139fa49deddfb5e625bc72bc0d4"}
,"/Users/yagneshmodh/Documents/projects/css-corp/src/Pages/Home/Home.tsx": {"path":"/Users/yagneshmodh/Documents/projects/css-corp/src/Pages/Home/Home.tsx","statementMap":{"0":{"start":{"line":12,"column":13},"end":{"line":32,"column":1}},"1":{"start":{"line":13,"column":2},"end":{"line":13,"column":23}},"2":{"start":{"line":15,"column":2},"end":{"line":18,"column":31}},"3":{"start":{"line":16,"column":4},"end":{"line":16,"column":19}},"4":{"start":{"line":17,"column":4},"end":{"line":17,"column":15}},"5":{"start":{"line":20,"column":2},"end":{"line":31,"column":4}},"6":{"start":{"line":28,"column":8},"end":{"line":28,"column":57}}},"fnMap":{"0":{"name":"(anonymous_0)","decl":{"start":{"line":12,"column":13},"end":{"line":12,"column":14}},"loc":{"start":{"line":12,"column":71},"end":{"line":32,"column":1}},"line":12},"1":{"name":"(anonymous_1)","decl":{"start":{"line":15,"column":12},"end":{"line":15,"column":13}},"loc":{"start":{"line":15,"column":18},"end":{"line":18,"column":3}},"line":15},"2":{"name":"(anonymous_2)","decl":{"start":{"line":27,"column":20},"end":{"line":27,"column":21}},"loc":{"start":{"line":27,"column":33},"end":{"line":29,"column":7}},"line":27}},"branchMap":{"0":{"loc":{"start":{"line":22,"column":7},"end":{"line":26,"column":7}},"type":"binary-expr","locations":[{"start":{"line":22,"column":8},"end":{"line":22,"column":32}},{"start":{"line":22,"column":36},"end":{"line":22,"column":56}},{"start":{"line":23,"column":8},"end":{"line":25,"column":14}}],"line":22}},"s":{"0":1,"1":20,"2":20,"3":5,"4":5,"5":20,"6":36},"f":{"0":20,"1":5,"2":36},"b":{"0":[20,15,10]},"_coverageSchema":"1a1c01bbd47fc00a2c39e90264f33305004495a9","hash":"efaaa5d686123e5def46e65174b0a7736dacdd66"}
,"/Users/yagneshmodh/Documents/projects/css-corp/src/Pages/Home/index.ts": {"path":"/Users/yagneshmodh/Documents/projects/css-corp/src/Pages/Home/index.ts","statementMap":{"0":{"start":{"line":6,"column":24},"end":{"line":11,"column":1}},"1":{"start":{"line":7,"column":2},"end":{"line":10,"column":4}},"2":{"start":{"line":13,"column":27},"end":{"line":18,"column":1}},"3":{"start":{"line":14,"column":2},"end":{"line":17,"column":4}},"4":{"start":{"line":15,"column":24},"end":{"line":15,"column":55}},"5":{"start":{"line":16,"column":20},"end":{"line":16,"column":47}}},"fnMap":{"0":{"name":"(anonymous_0)","decl":{"start":{"line":6,"column":24},"end":{"line":6,"column":25}},"loc":{"start":{"line":6,"column":46},"end":{"line":11,"column":1}},"line":6},"1":{"name":"(anonymous_1)","decl":{"start":{"line":13,"column":27},"end":{"line":13,"column":28}},"loc":{"start":{"line":13,"column":54},"end":{"line":18,"column":1}},"line":13},"2":{"name":"(anonymous_2)","decl":{"start":{"line":15,"column":18},"end":{"line":15,"column":19}},"loc":{"start":{"line":15,"column":24},"end":{"line":15,"column":55}},"line":15},"3":{"name":"(anonymous_3)","decl":{"start":{"line":16,"column":14},"end":{"line":16,"column":15}},"loc":{"start":{"line":16,"column":20},"end":{"line":16,"column":47}},"line":16}},"branchMap":{},"s":{"0":1,"1":25,"2":1,"3":5,"4":5,"5":5},"f":{"0":25,"1":5,"2":5,"3":5},"b":{},"_coverageSchema":"1a1c01bbd47fc00a2c39e90264f33305004495a9","hash":"859eec4531f517c7e9404c9f167a7e2131f4b706"}
,"/Users/yagneshmodh/Documents/projects/css-corp/src/components/Button/index.tsx": {"path":"/Users/yagneshmodh/Documents/projects/css-corp/src/components/Button/index.tsx","statementMap":{"0":{"start":{"line":12,"column":15},"end":{"line":29,"column":1}},"1":{"start":{"line":13,"column":2},"end":{"line":28,"column":4}}},"fnMap":{"0":{"name":"(anonymous_0)","decl":{"start":{"line":12,"column":15},"end":{"line":12,"column":16}},"loc":{"start":{"line":12,"column":65},"end":{"line":29,"column":1}},"line":12}},"branchMap":{"0":{"loc":{"start":{"line":18,"column":7},"end":{"line":25,"column":7}},"type":"binary-expr","locations":[{"start":{"line":18,"column":7},"end":{"line":18,"column":11}},{"start":{"line":19,"column":8},"end":{"line":24,"column":15}}],"line":18}},"s":{"0":1,"1":6},"f":{"0":6},"b":{"0":[6,1]},"_coverageSchema":"1a1c01bbd47fc00a2c39e90264f33305004495a9","hash":"90c7c025090afc8158c84dbb0e6e1d4497d556ef"}
,"/Users/yagneshmodh/Documents/projects/css-corp/src/components/Product/Product.tsx": {"path":"/Users/yagneshmodh/Documents/projects/css-corp/src/components/Product/Product.tsx","statementMap":{"0":{"start":{"line":17,"column":16},"end":{"line":115,"column":1}},"1":{"start":{"line":33,"column":2},"end":{"line":33,"column":18}},"2":{"start":{"line":35,"column":2},"end":{"line":114,"column":4}},"3":{"start":{"line":79,"column":20},"end":{"line":82,"column":22}},"4":{"start":{"line":87,"column":20},"end":{"line":89,"column":29}},"5":{"start":{"line":94,"column":33},"end":{"line":94,"column":57}},"6":{"start":{"line":105,"column":31},"end":{"line":105,"column":42}}},"fnMap":{"0":{"name":"(anonymous_0)","decl":{"start":{"line":17,"column":16},"end":{"line":17,"column":17}},"loc":{"start":{"line":32,"column":20},"end":{"line":115,"column":1}},"line":32},"1":{"name":"(anonymous_1)","decl":{"start":{"line":78,"column":28},"end":{"line":78,"column":29}},"loc":{"start":{"line":79,"column":20},"end":{"line":82,"column":22}},"line":79},"2":{"name":"(anonymous_2)","decl":{"start":{"line":86,"column":45},"end":{"line":86,"column":46}},"loc":{"start":{"line":87,"column":20},"end":{"line":89,"column":29}},"line":87},"3":{"name":"(anonymous_3)","decl":{"start":{"line":94,"column":27},"end":{"line":94,"column":28}},"loc":{"start":{"line":94,"column":33},"end":{"line":94,"column":57}},"line":94},"4":{"name":"(anonymous_4)","decl":{"start":{"line":105,"column":25},"end":{"line":105,"column":26}},"loc":{"start":{"line":105,"column":31},"end":{"line":105,"column":42}},"line":105}},"branchMap":{"0":{"loc":{"start":{"line":70,"column":13},"end":{"line":109,"column":13}},"type":"cond-expr","locations":[{"start":{"line":71,"column":14},"end":{"line":99,"column":20}},{"start":{"line":101,"column":14},"end":{"line":108,"column":23}}],"line":70}},"s":{"0":1,"1":23,"2":23,"3":0,"4":130,"5":0,"6":0},"f":{"0":23,"1":0,"2":130,"3":0,"4":0},"b":{"0":[13,10]},"_coverageSchema":"1a1c01bbd47fc00a2c39e90264f33305004495a9","hash":"c1a9e7823c2a18081379547c3e8b7c8089da51fe"}
,"/Users/yagneshmodh/Documents/projects/css-corp/src/components/Product/index.ts": {"path":"/Users/yagneshmodh/Documents/projects/css-corp/src/components/Product/index.ts","statementMap":{"0":{"start":{"line":13,"column":24},"end":{"line":20,"column":1}},"1":{"start":{"line":14,"column":2},"end":{"line":19,"column":4}},"2":{"start":{"line":15,"column":37},"end":{"line":15,"column":61}},"3":{"start":{"line":22,"column":27},"end":{"line":30,"column":1}},"4":{"start":{"line":23,"column":2},"end":{"line":29,"column":4}},"5":{"start":{"line":24,"column":36},"end":{"line":24,"column":75}},"6":{"start":{"line":26,"column":6},"end":{"line":26,"column":47}},"7":{"start":{"line":28,"column":6},"end":{"line":28,"column":47}}},"fnMap":{"0":{"name":"(anonymous_0)","decl":{"start":{"line":13,"column":24},"end":{"line":13,"column":25}},"loc":{"start":{"line":13,"column":70},"end":{"line":20,"column":1}},"line":13},"1":{"name":"(anonymous_1)","decl":{"start":{"line":15,"column":30},"end":{"line":15,"column":31}},"loc":{"start":{"line":15,"column":37},"end":{"line":15,"column":61}},"line":15},"2":{"name":"(anonymous_2)","decl":{"start":{"line":22,"column":27},"end":{"line":22,"column":28}},"loc":{"start":{"line":22,"column":54},"end":{"line":30,"column":1}},"line":22},"3":{"name":"(anonymous_3)","decl":{"start":{"line":24,"column":13},"end":{"line":24,"column":14}},"loc":{"start":{"line":24,"column":36},"end":{"line":24,"column":75}},"line":24},"4":{"name":"(anonymous_4)","decl":{"start":{"line":25,"column":20},"end":{"line":25,"column":21}},"loc":{"start":{"line":26,"column":6},"end":{"line":26,"column":47}},"line":26},"5":{"name":"(anonymous_5)","decl":{"start":{"line":27,"column":20},"end":{"line":27,"column":21}},"loc":{"start":{"line":28,"column":6},"end":{"line":28,"column":47}},"line":28}},"branchMap":{},"s":{"0":1,"1":36,"2":34,"3":1,"4":10,"5":0,"6":0,"7":0},"f":{"0":36,"1":34,"2":10,"3":0,"4":0,"5":0},"b":{},"_coverageSchema":"1a1c01bbd47fc00a2c39e90264f33305004495a9","hash":"9656109dbbbf057bb3aa791b72a687854a8ae8dd"}
,"/Users/yagneshmodh/Documents/projects/css-corp/src/components/Rating/index.tsx": {"path":"/Users/yagneshmodh/Documents/projects/css-corp/src/components/Rating/index.tsx","statementMap":{"0":{"start":{"line":6,"column":15},"end":{"line":29,"column":1}},"1":{"start":{"line":7,"column":2},"end":{"line":28,"column":4}},"2":{"start":{"line":11,"column":10},"end":{"line":17,"column":12}}},"fnMap":{"0":{"name":"(anonymous_0)","decl":{"start":{"line":6,"column":15},"end":{"line":6,"column":16}},"loc":{"start":{"line":6,"column":48},"end":{"line":29,"column":1}},"line":6},"1":{"name":"(anonymous_1)","decl":{"start":{"line":10,"column":29},"end":{"line":10,"column":30}},"loc":{"start":{"line":11,"column":10},"end":{"line":17,"column":12}},"line":11}},"branchMap":{},"s":{"0":1,"1":10,"2":50},"f":{"0":10,"1":50},"b":{},"_coverageSchema":"1a1c01bbd47fc00a2c39e90264f33305004495a9","hash":"6a43925a1104cbcde4c65591ece56722715ad89c"}
,"/Users/yagneshmodh/Documents/projects/css-corp/src/constants/actionTypes.ts": {"path":"/Users/yagneshmodh/Documents/projects/css-corp/src/constants/actionTypes.ts","statementMap":{"0":{"start":{"line":1,"column":37},"end":{"line":1,"column":60}},"1":{"start":{"line":2,"column":37},"end":{"line":2,"column":60}},"2":{"start":{"line":3,"column":34},"end":{"line":3,"column":54}},"3":{"start":{"line":5,"column":33},"end":{"line":5,"column":52}},"4":{"start":{"line":6,"column":33},"end":{"line":6,"column":52}},"5":{"start":{"line":7,"column":30},"end":{"line":7,"column":46}},"6":{"start":{"line":9,"column":32},"end":{"line":9,"column":50}},"7":{"start":{"line":10,"column":32},"end":{"line":10,"column":50}},"8":{"start":{"line":11,"column":29},"end":{"line":11,"column":44}},"9":{"start":{"line":13,"column":35},"end":{"line":13,"column":56}},"10":{"start":{"line":14,"column":35},"end":{"line":14,"column":56}},"11":{"start":{"line":15,"column":32},"end":{"line":15,"column":50}},"12":{"start":{"line":17,"column":35},"end":{"line":17,"column":56}},"13":{"start":{"line":18,"column":35},"end":{"line":18,"column":56}},"14":{"start":{"line":19,"column":32},"end":{"line":19,"column":50}},"15":{"start":{"line":21,"column":29},"end":{"line":21,"column":44}},"16":{"start":{"line":22,"column":29},"end":{"line":22,"column":44}},"17":{"start":{"line":23,"column":26},"end":{"line":23,"column":38}},"18":{"start":{"line":25,"column":30},"end":{"line":25,"column":46}},"19":{"start":{"line":26,"column":30},"end":{"line":26,"column":46}},"20":{"start":{"line":27,"column":27},"end":{"line":27,"column":40}},"21":{"start":{"line":29,"column":32},"end":{"line":29,"column":50}},"22":{"start":{"line":30,"column":32},"end":{"line":30,"column":50}},"23":{"start":{"line":31,"column":29},"end":{"line":31,"column":44}},"24":{"start":{"line":33,"column":27},"end":{"line":33,"column":40}}},"fnMap":{},"branchMap":{},"s":{"0":1,"1":1,"2":1,"3":1,"4":1,"5":1,"6":1,"7":1,"8":1,"9":1,"10":1,"11":1,"12":1,"13":1,"14":1,"15":1,"16":1,"17":1,"18":1,"19":1,"20":1,"21":1,"22":1,"23":1,"24":1},"f":{},"b":{},"_coverageSchema":"1a1c01bbd47fc00a2c39e90264f33305004495a9","hash":"beeab289982e1fd0b22cba8bbbdc5f12de1913e5"}
,"/Users/yagneshmodh/Documents/projects/css-corp/src/middleware/logger.ts": {"path":"/Users/yagneshmodh/Documents/projects/css-corp/src/middleware/logger.ts","statementMap":{"0":{"start":{"line":2,"column":2},"end":{"line":17,"column":3}},"1":{"start":{"line":3,"column":2},"end":{"line":17,"column":3}},"2":{"start":{"line":4,"column":4},"end":{"line":16,"column":5}},"3":{"start":{"line":5,"column":22},"end":{"line":5,"column":53}},"4":{"start":{"line":6,"column":6},"end":{"line":13,"column":7}},"5":{"start":{"line":8,"column":8},"end":{"line":8,"column":28}},"6":{"start":{"line":10,"column":8},"end":{"line":10,"column":21}},"7":{"start":{"line":12,"column":8},"end":{"line":12,"column":21}},"8":{"start":{"line":15,"column":6},"end":{"line":15,"column":19}}},"fnMap":{"0":{"name":"(anonymous_0)","decl":{"start":{"line":1,"column":15},"end":{"line":1,"column":16}},"loc":{"start":{"line":2,"column":2},"end":{"line":17,"column":3}},"line":2},"1":{"name":"(anonymous_1)","decl":{"start":{"line":2,"column":2},"end":{"line":2,"column":3}},"loc":{"start":{"line":3,"column":2},"end":{"line":17,"column":3}},"line":3},"2":{"name":"(anonymous_2)","decl":{"start":{"line":3,"column":2},"end":{"line":3,"column":3}},"loc":{"start":{"line":3,"column":14},"end":{"line":17,"column":3}},"line":3}},"branchMap":{"0":{"loc":{"start":{"line":6,"column":6},"end":{"line":13,"column":7}},"type":"if","locations":[{"start":{"line":6,"column":6},"end":{"line":13,"column":7}},{"start":{"line":11,"column":13},"end":{"line":13,"column":7}}],"line":6}},"s":{"0":1,"1":1,"2":20,"3":20,"4":20,"5":0,"6":0,"7":20,"8":0},"f":{"0":1,"1":1,"2":20},"b":{"0":[0,20]},"_coverageSchema":"1a1c01bbd47fc00a2c39e90264f33305004495a9","hash":"040172d263e5137a5074a410e19c054ddf906372"}
,"/Users/yagneshmodh/Documents/projects/css-corp/src/reducers/CartReducer.ts": {"path":"/Users/yagneshmodh/Documents/projects/css-corp/src/reducers/CartReducer.ts","statementMap":{"0":{"start":{"line":29,"column":31},"end":{"line":32,"column":2}},"1":{"start":{"line":29,"column":75},"end":{"line":32,"column":1}},"2":{"start":{"line":34,"column":34},"end":{"line":41,"column":2}},"3":{"start":{"line":37,"column":25},"end":{"line":41,"column":1}},"4":{"start":{"line":43,"column":37},"end":{"line":50,"column":2}},"5":{"start":{"line":46,"column":25},"end":{"line":50,"column":1}},"6":{"start":{"line":52,"column":37},"end":{"line":59,"column":2}},"7":{"start":{"line":55,"column":25},"end":{"line":59,"column":1}},"8":{"start":{"line":61,"column":41},"end":{"line":61,"column":43}},"9":{"start":{"line":64,"column":2},"end":{"line":84,"column":3}},"10":{"start":{"line":66,"column":6},"end":{"line":66,"column":25}},"11":{"start":{"line":69,"column":6},"end":{"line":69,"column":41}},"12":{"start":{"line":72,"column":6},"end":{"line":77,"column":9}},"13":{"start":{"line":73,"column":8},"end":{"line":75,"column":9}},"14":{"start":{"line":74,"column":10},"end":{"line":74,"column":33}},"15":{"start":{"line":76,"column":8},"end":{"line":76,"column":20}},"16":{"start":{"line":80,"column":6},"end":{"line":80,"column":68}},"17":{"start":{"line":80,"column":36},"end":{"line":80,"column":66}},"18":{"start":{"line":83,"column":6},"end":{"line":83,"column":19}}},"fnMap":{"0":{"name":"(anonymous_0)","decl":{"start":{"line":29,"column":31},"end":{"line":29,"column":32}},"loc":{"start":{"line":29,"column":75},"end":{"line":32,"column":1}},"line":29},"1":{"name":"(anonymous_1)","decl":{"start":{"line":34,"column":34},"end":{"line":34,"column":35}},"loc":{"start":{"line":37,"column":25},"end":{"line":41,"column":1}},"line":37},"2":{"name":"(anonymous_2)","decl":{"start":{"line":43,"column":37},"end":{"line":43,"column":38}},"loc":{"start":{"line":46,"column":25},"end":{"line":50,"column":1}},"line":46},"3":{"name":"(anonymous_3)","decl":{"start":{"line":52,"column":37},"end":{"line":52,"column":38}},"loc":{"start":{"line":55,"column":25},"end":{"line":59,"column":1}},"line":55},"4":{"name":"(anonymous_4)","decl":{"start":{"line":63,"column":15},"end":{"line":63,"column":16}},"loc":{"start":{"line":63,"column":66},"end":{"line":85,"column":1}},"line":63},"5":{"name":"(anonymous_5)","decl":{"start":{"line":72,"column":23},"end":{"line":72,"column":24}},"loc":{"start":{"line":72,"column":33},"end":{"line":77,"column":7}},"line":72},"6":{"name":"(anonymous_6)","decl":{"start":{"line":80,"column":26},"end":{"line":80,"column":27}},"loc":{"start":{"line":80,"column":36},"end":{"line":80,"column":66}},"line":80}},"branchMap":{"0":{"loc":{"start":{"line":63,"column":16},"end":{"line":63,"column":40}},"type":"default-arg","locations":[{"start":{"line":63,"column":24},"end":{"line":63,"column":40}}],"line":63},"1":{"loc":{"start":{"line":64,"column":2},"end":{"line":84,"column":3}},"type":"switch","locations":[{"start":{"line":65,"column":4},"end":{"line":66,"column":25}},{"start":{"line":68,"column":4},"end":{"line":69,"column":41}},{"start":{"line":71,"column":4},"end":{"line":77,"column":9}},{"start":{"line":79,"column":4},"end":{"line":80,"column":68}},{"start":{"line":82,"column":4},"end":{"line":83,"column":19}}],"line":64},"2":{"loc":{"start":{"line":73,"column":8},"end":{"line":75,"column":9}},"type":"if","locations":[{"start":{"line":73,"column":8},"end":{"line":75,"column":9}},{"start":{},"end":{}}],"line":73}},"s":{"0":1,"1":5,"2":1,"3":0,"4":1,"5":0,"6":1,"7":0,"8":1,"9":23,"10":5,"11":0,"12":0,"13":0,"14":0,"15":0,"16":0,"17":0,"18":18},"f":{"0":5,"1":0,"2":0,"3":0,"4":23,"5":0,"6":0},"b":{"0":[3],"1":[5,0,0,0,18],"2":[0,0]},"_coverageSchema":"1a1c01bbd47fc00a2c39e90264f33305004495a9","hash":"74b395c69844da375ad8b89ee18324f6366dbb34"}
,"/Users/yagneshmodh/Documents/projects/css-corp/src/reducers/ErrorReducer.ts": {"path":"/Users/yagneshmodh/Documents/projects/css-corp/src/reducers/ErrorReducer.ts","statementMap":{"0":{"start":{"line":55,"column":34},"end":{"line":62,"column":2}},"1":{"start":{"line":58,"column":28},"end":{"line":62,"column":1}},"2":{"start":{"line":64,"column":34},"end":{"line":71,"column":2}},"3":{"start":{"line":67,"column":28},"end":{"line":71,"column":1}},"4":{"start":{"line":73,"column":32},"end":{"line":80,"column":2}},"5":{"start":{"line":76,"column":28},"end":{"line":80,"column":1}},"6":{"start":{"line":82,"column":32},"end":{"line":85,"column":2}},"7":{"start":{"line":82,"column":76},"end":{"line":85,"column":1}},"8":{"start":{"line":87,"column":28},"end":{"line":90,"column":2}},"9":{"start":{"line":87,"column":72},"end":{"line":90,"column":1}},"10":{"start":{"line":92,"column":25},"end":{"line":95,"column":2}},"11":{"start":{"line":92,"column":69},"end":{"line":95,"column":1}},"12":{"start":{"line":97,"column":28},"end":{"line":100,"column":2}},"13":{"start":{"line":97,"column":72},"end":{"line":100,"column":1}},"14":{"start":{"line":102,"column":26},"end":{"line":105,"column":2}},"15":{"start":{"line":102,"column":70},"end":{"line":105,"column":1}},"16":{"start":{"line":111,"column":18},"end":{"line":111,"column":50}},"17":{"start":{"line":112,"column":2},"end":{"line":124,"column":3}},"18":{"start":{"line":113,"column":15},"end":{"line":113,"column":47}},"19":{"start":{"line":114,"column":4},"end":{"line":116,"column":5}},"20":{"start":{"line":115,"column":6},"end":{"line":115,"column":57}},"21":{"start":{"line":117,"column":52},"end":{"line":117,"column":57}},"22":{"start":{"line":118,"column":4},"end":{"line":118,"column":16}},"23":{"start":{"line":119,"column":9},"end":{"line":124,"column":3}},"24":{"start":{"line":120,"column":40},"end":{"line":120,"column":45}},"25":{"start":{"line":121,"column":4},"end":{"line":121,"column":16}},"26":{"start":{"line":123,"column":4},"end":{"line":123,"column":17}}},"fnMap":{"0":{"name":"(anonymous_0)","decl":{"start":{"line":55,"column":34},"end":{"line":55,"column":35}},"loc":{"start":{"line":58,"column":28},"end":{"line":62,"column":1}},"line":58},"1":{"name":"(anonymous_1)","decl":{"start":{"line":64,"column":34},"end":{"line":64,"column":35}},"loc":{"start":{"line":67,"column":28},"end":{"line":71,"column":1}},"line":67},"2":{"name":"(anonymous_2)","decl":{"start":{"line":73,"column":32},"end":{"line":73,"column":33}},"loc":{"start":{"line":76,"column":28},"end":{"line":80,"column":1}},"line":76},"3":{"name":"(anonymous_3)","decl":{"start":{"line":82,"column":32},"end":{"line":82,"column":33}},"loc":{"start":{"line":82,"column":76},"end":{"line":85,"column":1}},"line":82},"4":{"name":"(anonymous_4)","decl":{"start":{"line":87,"column":28},"end":{"line":87,"column":29}},"loc":{"start":{"line":87,"column":72},"end":{"line":90,"column":1}},"line":87},"5":{"name":"(anonymous_5)","decl":{"start":{"line":92,"column":25},"end":{"line":92,"column":26}},"loc":{"start":{"line":92,"column":69},"end":{"line":95,"column":1}},"line":92},"6":{"name":"(anonymous_6)","decl":{"start":{"line":97,"column":28},"end":{"line":97,"column":29}},"loc":{"start":{"line":97,"column":72},"end":{"line":100,"column":1}},"line":97},"7":{"name":"(anonymous_7)","decl":{"start":{"line":102,"column":26},"end":{"line":102,"column":27}},"loc":{"start":{"line":102,"column":70},"end":{"line":105,"column":1}},"line":102},"8":{"name":"(anonymous_8)","decl":{"start":{"line":107,"column":15},"end":{"line":107,"column":16}},"loc":{"start":{"line":110,"column":5},"end":{"line":125,"column":1}},"line":110}},"branchMap":{"0":{"loc":{"start":{"line":108,"column":2},"end":{"line":108,"column":17}},"type":"default-arg","locations":[{"start":{"line":108,"column":15},"end":{"line":108,"column":17}}],"line":108},"1":{"loc":{"start":{"line":112,"column":2},"end":{"line":124,"column":3}},"type":"if","locations":[{"start":{"line":112,"column":2},"end":{"line":124,"column":3}},{"start":{"line":119,"column":9},"end":{"line":124,"column":3}}],"line":112},"2":{"loc":{"start":{"line":113,"column":15},"end":{"line":113,"column":47}},"type":"cond-expr","locations":[{"start":{"line":113,"column":27},"end":{"line":113,"column":42}},{"start":{"line":113,"column":45},"end":{"line":113,"column":47}}],"line":113},"3":{"loc":{"start":{"line":114,"column":4},"end":{"line":116,"column":5}},"type":"if","locations":[{"start":{"line":114,"column":4},"end":{"line":116,"column":5}},{"start":{},"end":{}}],"line":114},"4":{"loc":{"start":{"line":119,"column":9},"end":{"line":124,"column":3}},"type":"if","locations":[{"start":{"line":119,"column":9},"end":{"line":124,"column":3}},{"start":{"line":122,"column":9},"end":{"line":124,"column":3}}],"line":119}},"s":{"0":1,"1":0,"2":1,"3":0,"4":1,"5":0,"6":1,"7":0,"8":1,"9":0,"10":1,"11":0,"12":1,"13":0,"14":1,"15":0,"16":23,"17":23,"18":10,"19":10,"20":0,"21":10,"22":10,"23":13,"24":0,"25":0,"26":13},"f":{"0":0,"1":0,"2":0,"3":0,"4":0,"5":0,"6":0,"7":0,"8":23},"b":{"0":[3],"1":[10,13],"2":[0,10],"3":[0,10],"4":[0,13]},"_coverageSchema":"1a1c01bbd47fc00a2c39e90264f33305004495a9","hash":"34fe33b129b130b0449cf9f86223ab04e841478b"}
,"/Users/yagneshmodh/Documents/projects/css-corp/src/reducers/LoadingReducer.ts": {"path":"/Users/yagneshmodh/Documents/projects/css-corp/src/reducers/LoadingReducer.ts","statementMap":{"0":{"start":{"line":73,"column":35},"end":{"line":75,"column":2}},"1":{"start":{"line":73,"column":62},"end":{"line":75,"column":1}},"2":{"start":{"line":77,"column":31},"end":{"line":79,"column":2}},"3":{"start":{"line":77,"column":58},"end":{"line":79,"column":1}},"4":{"start":{"line":81,"column":34},"end":{"line":84,"column":2}},"5":{"start":{"line":81,"column":74},"end":{"line":84,"column":1}},"6":{"start":{"line":86,"column":37},"end":{"line":92,"column":2}},"7":{"start":{"line":88,"column":22},"end":{"line":92,"column":1}},"8":{"start":{"line":94,"column":37},"end":{"line":100,"column":2}},"9":{"start":{"line":96,"column":35},"end":{"line":100,"column":1}},"10":{"start":{"line":102,"column":28},"end":{"line":105,"column":77}},"11":{"start":{"line":105,"column":30},"end":{"line":105,"column":76}},"12":{"start":{"line":107,"column":31},"end":{"line":114,"column":2}},"13":{"start":{"line":110,"column":33},"end":{"line":114,"column":1}},"14":{"start":{"line":116,"column":29},"end":{"line":118,"column":2}},"15":{"start":{"line":116,"column":56},"end":{"line":118,"column":1}},"16":{"start":{"line":121,"column":18},"end":{"line":121,"column":58}},"17":{"start":{"line":122,"column":2},"end":{"line":122,"column":29}},"18":{"start":{"line":122,"column":16},"end":{"line":122,"column":29}},"19":{"start":{"line":123,"column":13},"end":{"line":123,"column":45}},"20":{"start":{"line":124,"column":2},"end":{"line":126,"column":3}},"21":{"start":{"line":125,"column":4},"end":{"line":125,"column":54}},"22":{"start":{"line":127,"column":53},"end":{"line":127,"column":58}},"23":{"start":{"line":128,"column":2},"end":{"line":128,"column":17}}},"fnMap":{"0":{"name":"(anonymous_0)","decl":{"start":{"line":73,"column":35},"end":{"line":73,"column":36}},"loc":{"start":{"line":73,"column":62},"end":{"line":75,"column":1}},"line":73},"1":{"name":"(anonymous_1)","decl":{"start":{"line":77,"column":31},"end":{"line":77,"column":32}},"loc":{"start":{"line":77,"column":58},"end":{"line":79,"column":1}},"line":77},"2":{"name":"(anonymous_2)","decl":{"start":{"line":81,"column":34},"end":{"line":81,"column":35}},"loc":{"start":{"line":81,"column":74},"end":{"line":84,"column":1}},"line":81},"3":{"name":"(anonymous_3)","decl":{"start":{"line":86,"column":37},"end":{"line":86,"column":38}},"loc":{"start":{"line":88,"column":22},"end":{"line":92,"column":1}},"line":88},"4":{"name":"(anonymous_4)","decl":{"start":{"line":94,"column":37},"end":{"line":94,"column":38}},"loc":{"start":{"line":96,"column":35},"end":{"line":100,"column":1}},"line":96},"5":{"name":"(anonymous_5)","decl":{"start":{"line":102,"column":28},"end":{"line":102,"column":29}},"loc":{"start":{"line":105,"column":30},"end":{"line":105,"column":76}},"line":105},"6":{"name":"(anonymous_6)","decl":{"start":{"line":107,"column":31},"end":{"line":107,"column":32}},"loc":{"start":{"line":110,"column":33},"end":{"line":114,"column":1}},"line":110},"7":{"name":"(anonymous_7)","decl":{"start":{"line":116,"column":29},"end":{"line":116,"column":30}},"loc":{"start":{"line":116,"column":56},"end":{"line":118,"column":1}},"line":116},"8":{"name":"(anonymous_8)","decl":{"start":{"line":120,"column":15},"end":{"line":120,"column":16}},"loc":{"start":{"line":120,"column":73},"end":{"line":129,"column":1}},"line":120}},"branchMap":{"0":{"loc":{"start":{"line":120,"column":16},"end":{"line":120,"column":31}},"type":"default-arg","locations":[{"start":{"line":120,"column":29},"end":{"line":120,"column":31}}],"line":120},"1":{"loc":{"start":{"line":122,"column":2},"end":{"line":122,"column":29}},"type":"if","locations":[{"start":{"line":122,"column":2},"end":{"line":122,"column":29}},{"start":{},"end":{}}],"line":122},"2":{"loc":{"start":{"line":123,"column":13},"end":{"line":123,"column":45}},"type":"cond-expr","locations":[{"start":{"line":123,"column":25},"end":{"line":123,"column":40}},{"start":{"line":123,"column":43},"end":{"line":123,"column":45}}],"line":123},"3":{"loc":{"start":{"line":124,"column":2},"end":{"line":126,"column":3}},"type":"if","locations":[{"start":{"line":124,"column":2},"end":{"line":126,"column":3}},{"start":{},"end":{}}],"line":124}},"s":{"0":1,"1":5,"2":1,"3":5,"4":1,"5":0,"6":1,"7":0,"8":1,"9":0,"10":1,"11":0,"12":1,"13":0,"14":1,"15":0,"16":23,"17":23,"18":3,"19":20,"20":20,"21":10,"22":10,"23":10},"f":{"0":5,"1":5,"2":0,"3":0,"4":0,"5":0,"6":0,"7":0,"8":23},"b":{"0":[3],"1":[3,20],"2":[0,20],"3":[10,10]},"_coverageSchema":"1a1c01bbd47fc00a2c39e90264f33305004495a9","hash":"c878b4c8aeeff77d6f0177b12e8340fd1ae60dae"}
,"/Users/yagneshmodh/Documents/projects/css-corp/src/reducers/ProductsReducer.ts": {"path":"/Users/yagneshmodh/Documents/projects/css-corp/src/reducers/ProductsReducer.ts","statementMap":{"0":{"start":{"line":11,"column":35},"end":{"line":16,"column":2}},"1":{"start":{"line":13,"column":27},"end":{"line":16,"column":1}},"2":{"start":{"line":18,"column":55},"end":{"line":18,"column":57}},"3":{"start":{"line":24,"column":2},"end":{"line":30,"column":3}},"4":{"start":{"line":26,"column":6},"end":{"line":26,"column":25}},"5":{"start":{"line":29,"column":6},"end":{"line":29,"column":19}}},"fnMap":{"0":{"name":"(anonymous_0)","decl":{"start":{"line":11,"column":35},"end":{"line":11,"column":36}},"loc":{"start":{"line":13,"column":27},"end":{"line":16,"column":1}},"line":13},"1":{"name":"(anonymous_1)","decl":{"start":{"line":20,"column":15},"end":{"line":20,"column":16}},"loc":{"start":{"line":23,"column":5},"end":{"line":31,"column":1}},"line":23}},"branchMap":{"0":{"loc":{"start":{"line":21,"column":2},"end":{"line":21,"column":49}},"type":"default-arg","locations":[{"start":{"line":21,"column":29},"end":{"line":21,"column":49}}],"line":21},"1":{"loc":{"start":{"line":24,"column":2},"end":{"line":30,"column":3}},"type":"switch","locations":[{"start":{"line":25,"column":4},"end":{"line":26,"column":25}},{"start":{"line":28,"column":4},"end":{"line":29,"column":19}}],"line":24}},"s":{"0":1,"1":5,"2":1,"3":23,"4":5,"5":18},"f":{"0":5,"1":23},"b":{"0":[3],"1":[5,18]},"_coverageSchema":"1a1c01bbd47fc00a2c39e90264f33305004495a9","hash":"36c2cf313d09f3565e26903fb5a098cbe0562167"}
,"/Users/yagneshmodh/Documents/projects/css-corp/src/reducers/index.ts": {"path":"/Users/yagneshmodh/Documents/projects/css-corp/src/reducers/index.ts","statementMap":{},"fnMap":{},"branchMap":{},"s":{},"f":{},"b":{},"_coverageSchema":"1a1c01bbd47fc00a2c39e90264f33305004495a9","hash":"01d757de388ba05be4ffe622fbd7ef1f00dab1f9"}
,"/Users/yagneshmodh/Documents/projects/css-corp/src/reducers/userReducer.ts": {"path":"/Users/yagneshmodh/Documents/projects/css-corp/src/reducers/userReducer.ts","statementMap":{"0":{"start":{"line":23,"column":34},"end":{"line":26,"column":2}},"1":{"start":{"line":23,"column":74},"end":{"line":26,"column":1}},"2":{"start":{"line":28,"column":37},"end":{"line":31,"column":2}},"3":{"start":{"line":28,"column":77},"end":{"line":31,"column":1}},"4":{"start":{"line":33,"column":35},"end":{"line":35,"column":2}},"5":{"start":{"line":33,"column":67},"end":{"line":35,"column":1}},"6":{"start":{"line":39,"column":21},"end":{"line":39,"column":23}},"7":{"start":{"line":42,"column":2},"end":{"line":54,"column":3}},"8":{"start":{"line":44,"column":6},"end":{"line":44,"column":26}},"9":{"start":{"line":47,"column":6},"end":{"line":47,"column":26}},"10":{"start":{"line":50,"column":6},"end":{"line":50,"column":26}},"11":{"start":{"line":53,"column":6},"end":{"line":53,"column":19}}},"fnMap":{"0":{"name":"(anonymous_0)","decl":{"start":{"line":23,"column":34},"end":{"line":23,"column":35}},"loc":{"start":{"line":23,"column":74},"end":{"line":26,"column":1}},"line":23},"1":{"name":"(anonymous_1)","decl":{"start":{"line":28,"column":37},"end":{"line":28,"column":38}},"loc":{"start":{"line":28,"column":77},"end":{"line":31,"column":1}},"line":28},"2":{"name":"(anonymous_2)","decl":{"start":{"line":33,"column":35},"end":{"line":33,"column":36}},"loc":{"start":{"line":33,"column":67},"end":{"line":35,"column":1}},"line":33},"3":{"name":"(anonymous_3)","decl":{"start":{"line":41,"column":15},"end":{"line":41,"column":16}},"loc":{"start":{"line":41,"column":75},"end":{"line":55,"column":1}},"line":41}},"branchMap":{"0":{"loc":{"start":{"line":41,"column":16},"end":{"line":41,"column":36}},"type":"default-arg","locations":[{"start":{"line":41,"column":24},"end":{"line":41,"column":36}}],"line":41},"1":{"loc":{"start":{"line":42,"column":2},"end":{"line":54,"column":3}},"type":"switch","locations":[{"start":{"line":43,"column":4},"end":{"line":44,"column":26}},{"start":{"line":46,"column":4},"end":{"line":47,"column":26}},{"start":{"line":49,"column":4},"end":{"line":50,"column":26}},{"start":{"line":52,"column":4},"end":{"line":53,"column":19}}],"line":42}},"s":{"0":1,"1":0,"2":1,"3":0,"4":1,"5":0,"6":1,"7":23,"8":0,"9":0,"10":0,"11":23},"f":{"0":0,"1":0,"2":0,"3":23},"b":{"0":[3],"1":[0,0,0,23]},"_coverageSchema":"1a1c01bbd47fc00a2c39e90264f33305004495a9","hash":"00f187f453a92dab52f9ab60b9ea465dc82dabe3"}
,"/Users/yagneshmodh/Documents/projects/css-corp/src/sagas/cartSaga.ts": {"path":"/Users/yagneshmodh/Documents/projects/css-corp/src/sagas/cartSaga.ts","statementMap":{"0":{"start":{"line":38,"column":2},"end":{"line":46,"column":3}},"1":{"start":{"line":39,"column":47},"end":{"line":42,"column":5}},"2":{"start":{"line":43,"column":4},"end":{"line":43,"column":41}},"3":{"start":{"line":45,"column":4},"end":{"line":45,"column":44}},"4":{"start":{"line":50,"column":2},"end":{"line":63,"column":3}},"5":{"start":{"line":51,"column":45},"end":{"line":58,"column":5}},"6":{"start":{"line":60,"column":4},"end":{"line":60,"column":55}},"7":{"start":{"line":62,"column":4},"end":{"line":62,"column":59}},"8":{"start":{"line":67,"column":2},"end":{"line":76,"column":3}},"9":{"start":{"line":68,"column":45},"end":{"line":72,"column":5}},"10":{"start":{"line":73,"column":4},"end":{"line":73,"column":58}},"11":{"start":{"line":75,"column":4},"end":{"line":75,"column":50}},"12":{"start":{"line":80,"column":2},"end":{"line":85,"column":3}},"13":{"start":{"line":81,"column":4},"end":{"line":81,"column":64}},"14":{"start":{"line":82,"column":4},"end":{"line":82,"column":58}},"15":{"start":{"line":84,"column":4},"end":{"line":84,"column":61}},"16":{"start":{"line":89,"column":2},"end":{"line":89,"column":56}},"17":{"start":{"line":93,"column":2},"end":{"line":93,"column":56}},"18":{"start":{"line":97,"column":2},"end":{"line":97,"column":50}},"19":{"start":{"line":101,"column":2},"end":{"line":101,"column":47}},"20":{"start":{"line":105,"column":2},"end":{"line":110,"column":5}}},"fnMap":{"0":{"name":"loadCart","decl":{"start":{"line":37,"column":10},"end":{"line":37,"column":18}},"loc":{"start":{"line":37,"column":21},"end":{"line":47,"column":1}},"line":37},"1":{"name":"addCartItem","decl":{"start":{"line":49,"column":10},"end":{"line":49,"column":21}},"loc":{"start":{"line":49,"column":63},"end":{"line":64,"column":1}},"line":49},"2":{"name":"updateCartItem","decl":{"start":{"line":66,"column":10},"end":{"line":66,"column":24}},"loc":{"start":{"line":66,"column":79},"end":{"line":77,"column":1}},"line":66},"3":{"name":"deleteCartItem","decl":{"start":{"line":79,"column":10},"end":{"line":79,"column":24}},"loc":{"start":{"line":79,"column":79},"end":{"line":86,"column":1}},"line":79},"4":{"name":"deleteCartItemRequest","decl":{"start":{"line":88,"column":10},"end":{"line":88,"column":31}},"loc":{"start":{"line":88,"column":34},"end":{"line":90,"column":1}},"line":88},"5":{"name":"updateCartItemRequest","decl":{"start":{"line":92,"column":10},"end":{"line":92,"column":31}},"loc":{"start":{"line":92,"column":34},"end":{"line":94,"column":1}},"line":92},"6":{"name":"addCartItemRequest","decl":{"start":{"line":96,"column":10},"end":{"line":96,"column":28}},"loc":{"start":{"line":96,"column":31},"end":{"line":98,"column":1}},"line":96},"7":{"name":"loadCartRequest","decl":{"start":{"line":100,"column":10},"end":{"line":100,"column":25}},"loc":{"start":{"line":100,"column":28},"end":{"line":102,"column":1}},"line":100},"8":{"name":"rootCart","decl":{"start":{"line":104,"column":25},"end":{"line":104,"column":33}},"loc":{"start":{"line":104,"column":36},"end":{"line":111,"column":1}},"line":104}},"branchMap":{},"s":{"0":5,"1":5,"2":5,"3":0,"4":0,"5":0,"6":0,"7":0,"8":0,"9":0,"10":0,"11":0,"12":0,"13":0,"14":0,"15":0,"16":1,"17":1,"18":1,"19":1,"20":1},"f":{"0":5,"1":0,"2":0,"3":0,"4":1,"5":1,"6":1,"7":1,"8":1},"b":{},"_coverageSchema":"1a1c01bbd47fc00a2c39e90264f33305004495a9","hash":"0d3402d0aa1511ea29721ecf05a340843ca12dd9"}
,"/Users/yagneshmodh/Documents/projects/css-corp/src/sagas/index.js": {"path":"/Users/yagneshmodh/Documents/projects/css-corp/src/sagas/index.js","statementMap":{"0":{"start":{"line":7,"column":2},"end":{"line":7,"column":66}}},"fnMap":{"0":{"name":"root","decl":{"start":{"line":6,"column":25},"end":{"line":6,"column":29}},"loc":{"start":{"line":6,"column":32},"end":{"line":8,"column":1}},"line":6}},"branchMap":{},"s":{"0":1},"f":{"0":1},"b":{},"_coverageSchema":"1a1c01bbd47fc00a2c39e90264f33305004495a9","hash":"7609618e91f575c016970ff5fc5721026620a84a"}
,"/Users/yagneshmodh/Documents/projects/css-corp/src/sagas/productsSaga.ts": {"path":"/Users/yagneshmodh/Documents/projects/css-corp/src/sagas/productsSaga.ts","statementMap":{"0":{"start":{"line":10,"column":2},"end":{"line":18,"column":3}},"1":{"start":{"line":11,"column":50},"end":{"line":14,"column":5}},"2":{"start":{"line":15,"column":4},"end":{"line":15,"column":45}},"3":{"start":{"line":17,"column":4},"end":{"line":17,"column":48}},"4":{"start":{"line":22,"column":2},"end":{"line":22,"column":55}},"5":{"start":{"line":26,"column":2},"end":{"line":26,"column":30}}},"fnMap":{"0":{"name":"loadProducts","decl":{"start":{"line":9,"column":10},"end":{"line":9,"column":22}},"loc":{"start":{"line":9,"column":25},"end":{"line":19,"column":1}},"line":9},"1":{"name":"loadProductsRequest","decl":{"start":{"line":21,"column":10},"end":{"line":21,"column":29}},"loc":{"start":{"line":21,"column":32},"end":{"line":23,"column":1}},"line":21},"2":{"name":"rootProducts","decl":{"start":{"line":25,"column":25},"end":{"line":25,"column":37}},"loc":{"start":{"line":25,"column":40},"end":{"line":27,"column":1}},"line":25}},"branchMap":{},"s":{"0":5,"1":5,"2":5,"3":0,"4":1,"5":1},"f":{"0":5,"1":1,"2":1},"b":{},"_coverageSchema":"1a1c01bbd47fc00a2c39e90264f33305004495a9","hash":"de873f90272d6fd3ad00a8c270e68a8f0c7c21fa"}
,"/Users/yagneshmodh/Documents/projects/css-corp/src/sagas/userSaga.ts": {"path":"/Users/yagneshmodh/Documents/projects/css-corp/src/sagas/userSaga.ts","statementMap":{"0":{"start":{"line":22,"column":2},"end":{"line":41,"column":3}},"1":{"start":{"line":23,"column":50},"end":{"line":23,"column":56}},"2":{"start":{"line":24,"column":45},"end":{"line":28,"column":5}},"3":{"start":{"line":29,"column":4},"end":{"line":29,"column":30}},"4":{"start":{"line":30,"column":4},"end":{"line":30,"column":63}},"5":{"start":{"line":31,"column":4},"end":{"line":31,"column":49}},"6":{"start":{"line":33,"column":18},"end":{"line":33,"column":59}},"7":{"start":{"line":34,"column":4},"end":{"line":36,"column":5}},"8":{"start":{"line":35,"column":6},"end":{"line":35,"column":30}},"9":{"start":{"line":37,"column":4},"end":{"line":37,"column":54}},"10":{"start":{"line":38,"column":4},"end":{"line":38,"column":41}},"11":{"start":{"line":40,"column":4},"end":{"line":40,"column":39}},"12":{"start":{"line":45,"column":2},"end":{"line":50,"column":3}},"13":{"start":{"line":46,"column":4},"end":{"line":46,"column":44}},"14":{"start":{"line":47,"column":4},"end":{"line":47,"column":37}},"15":{"start":{"line":49,"column":4},"end":{"line":49,"column":42}},"16":{"start":{"line":54,"column":2},"end":{"line":73,"column":3}},"17":{"start":{"line":55,"column":54},"end":{"line":55,"column":60}},"18":{"start":{"line":56,"column":45},"end":{"line":60,"column":5}},"19":{"start":{"line":61,"column":4},"end":{"line":61,"column":30}},"20":{"start":{"line":62,"column":4},"end":{"line":62,"column":63}},"21":{"start":{"line":63,"column":4},"end":{"line":63,"column":52}},"22":{"start":{"line":65,"column":18},"end":{"line":65,"column":59}},"23":{"start":{"line":66,"column":4},"end":{"line":68,"column":5}},"24":{"start":{"line":67,"column":6},"end":{"line":67,"column":30}},"25":{"start":{"line":69,"column":4},"end":{"line":69,"column":54}},"26":{"start":{"line":70,"column":4},"end":{"line":70,"column":44}},"27":{"start":{"line":72,"column":4},"end":{"line":72,"column":39}},"28":{"start":{"line":77,"column":2},"end":{"line":77,"column":41}},"29":{"start":{"line":81,"column":2},"end":{"line":81,"column":43}},"30":{"start":{"line":85,"column":2},"end":{"line":85,"column":47}},"31":{"start":{"line":89,"column":2},"end":{"line":89,"column":78}}},"fnMap":{"0":{"name":"login","decl":{"start":{"line":21,"column":10},"end":{"line":21,"column":15}},"loc":{"start":{"line":21,"column":67},"end":{"line":42,"column":1}},"line":21},"1":{"name":"logout","decl":{"start":{"line":44,"column":10},"end":{"line":44,"column":16}},"loc":{"start":{"line":44,"column":19},"end":{"line":51,"column":1}},"line":44},"2":{"name":"register","decl":{"start":{"line":53,"column":10},"end":{"line":53,"column":18}},"loc":{"start":{"line":53,"column":73},"end":{"line":74,"column":1}},"line":53},"3":{"name":"loginRequest","decl":{"start":{"line":76,"column":10},"end":{"line":76,"column":22}},"loc":{"start":{"line":76,"column":25},"end":{"line":78,"column":1}},"line":76},"4":{"name":"logoutRequest","decl":{"start":{"line":80,"column":10},"end":{"line":80,"column":23}},"loc":{"start":{"line":80,"column":26},"end":{"line":82,"column":1}},"line":80},"5":{"name":"registerRequest","decl":{"start":{"line":84,"column":10},"end":{"line":84,"column":25}},"loc":{"start":{"line":84,"column":28},"end":{"line":86,"column":1}},"line":84},"6":{"name":"rootUser","decl":{"start":{"line":88,"column":25},"end":{"line":88,"column":33}},"loc":{"start":{"line":88,"column":36},"end":{"line":90,"column":1}},"line":88}},"branchMap":{"0":{"loc":{"start":{"line":34,"column":4},"end":{"line":36,"column":5}},"type":"if","locations":[{"start":{"line":34,"column":4},"end":{"line":36,"column":5}},{"start":{},"end":{}}],"line":34},"1":{"loc":{"start":{"line":66,"column":4},"end":{"line":68,"column":5}},"type":"if","locations":[{"start":{"line":66,"column":4},"end":{"line":68,"column":5}},{"start":{},"end":{}}],"line":66}},"s":{"0":0,"1":0,"2":0,"3":0,"4":0,"5":0,"6":0,"7":0,"8":0,"9":0,"10":0,"11":0,"12":0,"13":0,"14":0,"15":0,"16":0,"17":0,"18":0,"19":0,"20":0,"21":0,"22":0,"23":0,"24":0,"25":0,"26":0,"27":0,"28":1,"29":1,"30":1,"31":1},"f":{"0":0,"1":0,"2":0,"3":1,"4":1,"5":1,"6":1},"b":{"0":[0,0],"1":[0,0]},"_coverageSchema":"1a1c01bbd47fc00a2c39e90264f33305004495a9","hash":"9ca5cdff9b9e0948f81dbb72c0f60147f2d81763"}
,"/Users/yagneshmodh/Documents/projects/css-corp/src/utils/axios.ts": {"path":"/Users/yagneshmodh/Documents/projects/css-corp/src/utils/axios.ts","statementMap":{"0":{"start":{"line":4,"column":22},"end":{"line":9,"column":2}},"1":{"start":{"line":12,"column":0},"end":{"line":28,"column":2}},"2":{"start":{"line":15,"column":18},"end":{"line":15,"column":54}},"3":{"start":{"line":16,"column":4},"end":{"line":21,"column":5}},"4":{"start":{"line":17,"column":6},"end":{"line":20,"column":8}},"5":{"start":{"line":22,"column":4},"end":{"line":22,"column":18}},"6":{"start":{"line":26,"column":4},"end":{"line":26,"column":33}},"7":{"start":{"line":31,"column":0},"end":{"line":54,"column":2}},"8":{"start":{"line":35,"column":4},"end":{"line":35,"column":20}},"9":{"start":{"line":41,"column":4},"end":{"line":52,"column":5}},"10":{"start":{"line":42,"column":6},"end":{"line":42,"column":40}},"11":{"start":{"line":44,"column":20},"end":{"line":44,"column":57}},"12":{"start":{"line":46,"column":6},"end":{"line":48,"column":7}},"13":{"start":{"line":47,"column":8},"end":{"line":47,"column":24}},"14":{"start":{"line":49,"column":6},"end":{"line":49,"column":48}},"15":{"start":{"line":51,"column":6},"end":{"line":51,"column":35}}},"fnMap":{"0":{"name":"(anonymous_0)","decl":{"start":{"line":13,"column":2},"end":{"line":13,"column":3}},"loc":{"start":{"line":13,"column":20},"end":{"line":23,"column":3}},"line":13},"1":{"name":"(anonymous_1)","decl":{"start":{"line":24,"column":2},"end":{"line":24,"column":3}},"loc":{"start":{"line":24,"column":19},"end":{"line":27,"column":3}},"line":24},"2":{"name":"(anonymous_2)","decl":{"start":{"line":32,"column":2},"end":{"line":32,"column":3}},"loc":{"start":{"line":32,"column":16},"end":{"line":36,"column":3}},"line":32},"3":{"name":"(anonymous_3)","decl":{"start":{"line":37,"column":2},"end":{"line":37,"column":3}},"loc":{"start":{"line":37,"column":19},"end":{"line":53,"column":3}},"line":37}},"branchMap":{"0":{"loc":{"start":{"line":16,"column":4},"end":{"line":21,"column":5}},"type":"if","locations":[{"start":{"line":16,"column":4},"end":{"line":21,"column":5}},{"start":{},"end":{}}],"line":16},"1":{"loc":{"start":{"line":41,"column":4},"end":{"line":52,"column":5}},"type":"if","locations":[{"start":{"line":41,"column":4},"end":{"line":52,"column":5}},{"start":{"line":50,"column":11},"end":{"line":52,"column":5}}],"line":41},"2":{"loc":{"start":{"line":44,"column":20},"end":{"line":44,"column":57}},"type":"binary-expr","locations":[{"start":{"line":44,"column":20},"end":{"line":44,"column":40}},{"start":{"line":44,"column":44},"end":{"line":44,"column":57}}],"line":44},"3":{"loc":{"start":{"line":46,"column":6},"end":{"line":48,"column":7}},"type":"if","locations":[{"start":{"line":46,"column":6},"end":{"line":48,"column":7}},{"start":{},"end":{}}],"line":46}},"s":{"0":1,"1":1,"2":10,"3":10,"4":0,"5":10,"6":0,"7":1,"8":10,"9":0,"10":0,"11":0,"12":0,"13":0,"14":0,"15":0},"f":{"0":10,"1":0,"2":10,"3":0},"b":{"0":[0,10],"1":[0,0],"2":[0,0],"3":[0,0]},"_coverageSchema":"1a1c01bbd47fc00a2c39e90264f33305004495a9","hash":"9ff1db5b10c5d0c9b7d731df9ac100812d8fd4fd"}
}
