{"/Users/yagneshmodh/Documents/projects/css-corp/src/components/Button/index.tsx": {"path":"/Users/yagneshmodh/Documents/projects/css-corp/src/components/Button/index.tsx","statementMap":{"0":{"start":{"line":12,"column":15},"end":{"line":29,"column":1}},"1":{"start":{"line":13,"column":2},"end":{"line":28,"column":4}}},"fnMap":{"0":{"name":"(anonymous_0)","decl":{"start":{"line":12,"column":15},"end":{"line":12,"column":16}},"loc":{"start":{"line":12,"column":65},"end":{"line":29,"column":1}},"line":12}},"branchMap":{"0":{"loc":{"start":{"line":18,"column":7},"end":{"line":25,"column":7}},"type":"binary-expr","locations":[{"start":{"line":18,"column":7},"end":{"line":18,"column":11}},{"start":{"line":19,"column":8},"end":{"line":24,"column":15}}],"line":18}},"s":{"0":1,"1":5},"f":{"0":5},"b":{"0":[5,1]},"_coverageSchema":"1a1c01bbd47fc00a2c39e90264f33305004495a9","hash":"90c7c025090afc8158c84dbb0e6e1d4497d556ef"}
}
