TN:
SF:src/configureStore.ts
FNF:0
FNH:0
DA:8,1
DA:11,1
DA:13,1
DA:15,1
DA:20,1
LF:5
LH:5
BRDA:11,0,0,1
BRDA:11,0,1,1
BRF:2
BRH:2
end_of_record
TN:
SF:src/Pages/Home/Home.tsx
FN:12,(anonymous_0)
FN:15,(anonymous_1)
FN:27,(anonymous_2)
FNF:3
FNH:3
FNDA:38,(anonymous_0)
FNDA:8,(anonymous_1)
FNDA:72,(anonymous_2)
DA:12,1
DA:13,38
DA:15,38
DA:16,8
DA:17,8
DA:20,38
DA:28,72
LF:7
LH:7
BRDA:22,0,0,38
BRDA:22,0,1,30
BRDA:22,0,2,16
BRF:3
BRH:3
end_of_record
TN:
SF:src/Pages/Home/index.ts
FN:6,(anonymous_0)
FN:13,(anonymous_1)
FN:15,(anonymous_2)
FN:16,(anonymous_3)
FNF:4
FNH:4
FNDA:46,(anonymous_0)
FNDA:8,(anonymous_1)
FNDA:8,(anonymous_2)
FNDA:8,(anonymous_3)
DA:6,1
DA:7,46
DA:13,1
DA:14,8
DA:15,8
DA:16,8
LF:6
LH:6
BRF:0
BRH:0
end_of_record
TN:
SF:src/components/Button/index.tsx
FN:12,(anonymous_0)
FNF:1
FNH:1
FNDA:6,(anonymous_0)
DA:12,1
DA:13,6
LF:2
LH:2
BRDA:18,0,0,6
BRDA:18,0,1,1
BRF:2
BRH:2
end_of_record
TN:
SF:src/components/Product/Product.tsx
FN:17,(anonymous_0)
FN:78,(anonymous_1)
FN:86,(anonymous_2)
FN:94,(anonymous_3)
FN:105,(anonymous_4)
FNF:5
FNH:5
FNDA:45,(anonymous_0)
FNDA:1,(anonymous_1)
FNDA:260,(anonymous_2)
FNDA:1,(anonymous_3)
FNDA:1,(anonymous_4)
DA:17,1
DA:33,45
DA:35,45
DA:79,1
DA:87,260
DA:94,1
DA:105,1
LF:7
LH:7
BRDA:70,0,0,26
BRDA:70,0,1,19
BRF:2
BRH:2
end_of_record
TN:
SF:src/components/Product/index.ts
FN:13,(anonymous_0)
FN:15,(anonymous_1)
FN:22,(anonymous_2)
FN:24,(anonymous_3)
FN:25,(anonymous_4)
FN:27,(anonymous_5)
FNF:6
FNH:6
FNDA:72,(anonymous_0)
FNDA:66,(anonymous_1)
FNDA:16,(anonymous_2)
FNDA:1,(anonymous_3)
FNDA:1,(anonymous_4)
FNDA:1,(anonymous_5)
DA:13,1
DA:14,72
DA:15,66
DA:22,1
DA:23,16
DA:24,1
DA:26,1
DA:28,1
LF:8
LH:8
BRF:0
BRH:0
end_of_record
TN:
SF:src/components/Rating/index.tsx
FN:6,(anonymous_0)
FN:10,(anonymous_1)
FNF:2
FNH:2
FNDA:16,(anonymous_0)
FNDA:80,(anonymous_1)
DA:6,1
DA:7,16
DA:11,80
LF:3
LH:3
BRF:0
BRH:0
end_of_record
TN:
SF:src/constants/actionTypes.ts
FNF:0
FNH:0
DA:1,1
DA:2,1
DA:3,1
DA:5,1
DA:6,1
DA:7,1
DA:9,1
DA:10,1
DA:11,1
DA:13,1
DA:14,1
DA:15,1
DA:17,1
DA:18,1
DA:19,1
DA:21,1
DA:22,1
DA:23,1
DA:25,1
DA:26,1
DA:27,1
DA:29,1
DA:30,1
DA:31,1
DA:33,1
LF:25
LH:25
BRF:0
BRH:0
end_of_record
TN:
SF:src/middleware/logger.ts
FN:1,(anonymous_0)
FN:2,(anonymous_1)
FN:3,(anonymous_2)
FNF:3
FNH:3
FNDA:1,(anonymous_0)
FNDA:1,(anonymous_1)
FNDA:38,(anonymous_2)
DA:2,1
DA:3,1
DA:4,38
DA:5,38
DA:6,38
DA:8,0
DA:10,0
DA:12,38
DA:15,0
LF:9
LH:6
BRDA:6,0,0,0
BRDA:6,0,1,38
BRF:2
BRH:1
end_of_record
TN:
SF:src/reducers/CartReducer.ts
FN:29,(anonymous_0)
FN:34,(anonymous_1)
FN:43,(anonymous_2)
FN:52,(anonymous_3)
FN:63,(anonymous_4)
FN:72,(anonymous_5)
FN:80,(anonymous_6)
FNF:7
FNH:7
FNDA:8,(anonymous_0)
FNDA:1,(anonymous_1)
FNDA:1,(anonymous_2)
FNDA:1,(anonymous_3)
FNDA:41,(anonymous_4)
FNDA:1,(anonymous_5)
FNDA:1,(anonymous_6)
DA:29,8
DA:34,1
DA:37,1
DA:43,1
DA:46,1
DA:52,1
DA:55,1
DA:61,1
DA:64,41
DA:66,8
DA:69,1
DA:72,1
DA:73,1
DA:74,1
DA:76,0
DA:80,1
DA:83,30
LF:17
LH:16
BRDA:63,0,0,3
BRDA:64,1,0,8
BRDA:64,1,1,1
BRDA:64,1,2,1
BRDA:64,1,3,1
BRDA:64,1,4,30
BRDA:73,2,0,1
BRDA:73,2,1,0
BRF:8
BRH:7
end_of_record
TN:
SF:src/reducers/ErrorReducer.ts
FN:55,(anonymous_0)
FN:64,(anonymous_1)
FN:73,(anonymous_2)
FN:82,(anonymous_3)
FN:87,(anonymous_4)
FN:92,(anonymous_5)
FN:97,(anonymous_6)
FN:102,(anonymous_7)
FN:107,(anonymous_8)
FNF:9
FNH:1
FNDA:0,(anonymous_0)
FNDA:0,(anonymous_1)
FNDA:0,(anonymous_2)
FNDA:0,(anonymous_3)
FNDA:0,(anonymous_4)
FNDA:0,(anonymous_5)
FNDA:0,(anonymous_6)
FNDA:0,(anonymous_7)
FNDA:41,(anonymous_8)
DA:55,1
DA:58,0
DA:64,1
DA:67,0
DA:73,1
DA:76,0
DA:82,1
DA:87,1
DA:92,1
DA:97,1
DA:102,1
DA:111,41
DA:112,41
DA:113,19
DA:114,19
DA:115,0
DA:117,19
DA:118,19
DA:119,22
DA:120,0
DA:121,0
DA:123,22
LF:22
LH:16
BRDA:108,0,0,3
BRDA:112,1,0,19
BRDA:112,1,1,22
BRDA:113,2,0,3
BRDA:113,2,1,16
BRDA:114,3,0,0
BRDA:114,3,1,19
BRDA:119,4,0,0
BRDA:119,4,1,22
BRF:9
BRH:7
end_of_record
TN:
SF:src/reducers/LoadingReducer.ts
FN:73,(anonymous_0)
FN:77,(anonymous_1)
FN:81,(anonymous_2)
FN:86,(anonymous_3)
FN:94,(anonymous_4)
FN:102,(anonymous_5)
FN:107,(anonymous_6)
FN:116,(anonymous_7)
FN:120,(anonymous_8)
FNF:9
FNH:6
FNDA:8,(anonymous_0)
FNDA:8,(anonymous_1)
FNDA:1,(anonymous_2)
FNDA:1,(anonymous_3)
FNDA:1,(anonymous_4)
FNDA:0,(anonymous_5)
FNDA:0,(anonymous_6)
FNDA:0,(anonymous_7)
FNDA:41,(anonymous_8)
DA:73,8
DA:77,8
DA:81,1
DA:86,1
DA:88,1
DA:94,1
DA:96,1
DA:102,1
DA:105,0
DA:107,1
DA:110,0
DA:116,1
DA:121,41
DA:122,41
DA:123,38
DA:124,38
DA:125,19
DA:127,19
DA:128,19
LF:19
LH:17
BRDA:120,0,0,3
BRDA:122,1,0,3
BRDA:122,1,1,38
BRDA:123,2,0,6
BRDA:123,2,1,32
BRDA:124,3,0,19
BRDA:124,3,1,19
BRF:7
BRH:7
end_of_record
TN:
SF:src/reducers/ProductsReducer.ts
FN:11,(anonymous_0)
FN:20,(anonymous_1)
FNF:2
FNH:2
FNDA:8,(anonymous_0)
FNDA:41,(anonymous_1)
DA:11,1
DA:13,8
DA:18,1
DA:24,41
DA:26,8
DA:29,33
LF:6
LH:6
BRDA:21,0,0,3
BRDA:24,1,0,8
BRDA:24,1,1,33
BRF:3
BRH:3
end_of_record
TN:
SF:src/reducers/index.ts
FNF:0
FNH:0
LF:0
LH:0
BRF:0
BRH:0
end_of_record
TN:
SF:src/reducers/userReducer.ts
FN:23,(anonymous_0)
FN:28,(anonymous_1)
FN:33,(anonymous_2)
FN:41,(anonymous_3)
FNF:4
FNH:1
FNDA:0,(anonymous_0)
FNDA:0,(anonymous_1)
FNDA:0,(anonymous_2)
FNDA:41,(anonymous_3)
DA:23,1
DA:28,1
DA:33,1
DA:39,1
DA:42,41
DA:44,0
DA:47,0
DA:50,0
DA:53,41
LF:9
LH:6
BRDA:41,0,0,3
BRDA:42,1,0,0
BRDA:42,1,1,0
BRDA:42,1,2,0
BRDA:42,1,3,41
BRF:5
BRH:2
end_of_record
TN:
SF:src/sagas/cartSaga.ts
FN:37,loadCart
FN:49,addCartItem
FN:66,updateCartItem
FN:79,deleteCartItem
FN:88,deleteCartItemRequest
FN:92,updateCartItemRequest
FN:96,addCartItemRequest
FN:100,loadCartRequest
FN:104,rootCart
FNF:9
FNH:9
FNDA:8,loadCart
FNDA:1,addCartItem
FNDA:1,updateCartItem
FNDA:1,deleteCartItem
FNDA:1,deleteCartItemRequest
FNDA:1,updateCartItemRequest
FNDA:1,addCartItemRequest
FNDA:1,loadCartRequest
FNDA:1,rootCart
DA:38,8
DA:39,8
DA:43,8
DA:45,0
DA:50,1
DA:51,1
DA:60,1
DA:62,0
DA:67,1
DA:68,1
DA:73,1
DA:75,0
DA:80,1
DA:81,1
DA:82,1
DA:84,0
DA:89,1
DA:93,1
DA:97,1
DA:101,1
DA:105,1
LF:21
LH:17
BRF:0
BRH:0
end_of_record
TN:
SF:src/sagas/index.js
FN:6,root
FNF:1
FNH:1
FNDA:1,root
DA:7,1
LF:1
LH:1
BRF:0
BRH:0
end_of_record
TN:
SF:src/sagas/productsSaga.ts
FN:9,loadProducts
FN:21,loadProductsRequest
FN:25,rootProducts
FNF:3
FNH:3
FNDA:8,loadProducts
FNDA:1,loadProductsRequest
FNDA:1,rootProducts
DA:10,8
DA:11,8
DA:15,8
DA:17,0
DA:22,1
DA:26,1
LF:6
LH:5
BRF:0
BRH:0
end_of_record
TN:
SF:src/sagas/userSaga.ts
FN:21,login
FN:44,logout
FN:53,register
FN:76,loginRequest
FN:80,logoutRequest
FN:84,registerRequest
FN:88,rootUser
FNF:7
FNH:4
FNDA:0,login
FNDA:0,logout
FNDA:0,register
FNDA:1,loginRequest
FNDA:1,logoutRequest
FNDA:1,registerRequest
FNDA:1,rootUser
DA:22,0
DA:23,0
DA:24,0
DA:29,0
DA:30,0
DA:31,0
DA:33,0
DA:34,0
DA:35,0
DA:37,0
DA:38,0
DA:40,0
DA:45,0
DA:46,0
DA:47,0
DA:49,0
DA:54,0
DA:55,0
DA:56,0
DA:61,0
DA:62,0
DA:63,0
DA:65,0
DA:66,0
DA:67,0
DA:69,0
DA:70,0
DA:72,0
DA:77,1
DA:81,1
DA:85,1
DA:89,1
LF:32
LH:4
BRDA:34,0,0,0
BRDA:34,0,1,0
BRDA:66,1,0,0
BRDA:66,1,1,0
BRF:4
BRH:0
end_of_record
TN:
SF:src/utils/axios.ts
FN:13,(anonymous_0)
FN:24,(anonymous_1)
FN:32,(anonymous_2)
FN:37,(anonymous_3)
FNF:4
FNH:2
FNDA:19,(anonymous_0)
FNDA:0,(anonymous_1)
FNDA:19,(anonymous_2)
FNDA:0,(anonymous_3)
DA:4,1
DA:12,1
DA:15,19
DA:16,19
DA:17,0
DA:22,19
DA:26,0
DA:31,1
DA:35,19
DA:41,0
DA:42,0
DA:44,0
DA:46,0
DA:47,0
DA:49,0
DA:51,0
LF:16
LH:7
BRDA:16,0,0,0
BRDA:16,0,1,19
BRDA:41,1,0,0
BRDA:41,1,1,0
BRDA:44,2,0,0
BRDA:44,2,1,0
BRDA:46,3,0,0
BRDA:46,3,1,0
BRF:8
BRH:1
end_of_record
